[0.082s] Invoking command in '/home/debora/ros2_ws/build/my_cpp_pkg': CMAKE_PREFIX_PATH=${CMAKE_PREFIX_PATH}:/home/debora/ros2_ws/install/my_py_pkg:/home/debora/ws_moveit2/install/moveit_configs_utils:/home/debora/ws_moveit2/install/launch_param_builder:/opt/ros/humble /usr/bin/cmake --build /home/debora/ros2_ws/build/my_cpp_pkg -- -j4 -l4
[0.135s] [35m[1mConsolidate compiler generated dependencies of target cpp_node[0m
[0.154s] [ 50%] [32mBuilding CXX object CMakeFiles/cpp_node.dir/src/my_first_node.cpp.o[0m
[2.383s] [01m[K/home/debora/ros2_ws/src/my_cpp_pkg/src/my_first_node.cpp:20:24:[m[K [01;31m[Kerror: [m[Kâ€˜[01m[KSharePtr[m[Kâ€™ in â€˜[01m[Kclass rclcpp::TimerBase[m[Kâ€™ does not name a type
[2.383s]    20 |     rclcpp::TimerBase::[01;31m[KSharePtr[m[K timer_;
[2.383s]       |                        [01;31m[K^~~~~~~~[m[K
[2.391s] [01m[K/home/debora/ros2_ws/src/my_cpp_pkg/src/my_first_node.cpp:[m[K In constructor â€˜[01m[KMyNode::MyNode()[m[Kâ€™:
[2.391s] [01m[K/home/debora/ros2_ws/src/my_cpp_pkg/src/my_first_node.cpp:10:9:[m[K [01;31m[Kerror: [m[Kâ€˜[01m[Ktimer_[m[Kâ€™ was not declared in this scope; did you mean â€˜[01m[Ktimer_t[m[Kâ€™?
[2.391s]    10 |         [01;31m[Ktimer_[m[K=this->create_wall_timer(std::chrono::seconds(1),
[2.391s]       |         [01;31m[K^~~~~~[m[K
[2.391s]       |         [32m[Ktimer_t[m[K
[2.930s] gmake[2]: *** [CMakeFiles/cpp_node.dir/build.make:76: CMakeFiles/cpp_node.dir/src/my_first_node.cpp.o] Error 1
[2.930s] gmake[1]: *** [CMakeFiles/Makefile2:137: CMakeFiles/cpp_node.dir/all] Error 2
[2.930s] gmake: *** [Makefile:146: all] Error 2
[2.933s] Invoked command in '/home/debora/ros2_ws/build/my_cpp_pkg' returned '2': CMAKE_PREFIX_PATH=${CMAKE_PREFIX_PATH}:/home/debora/ros2_ws/install/my_py_pkg:/home/debora/ws_moveit2/install/moveit_configs_utils:/home/debora/ws_moveit2/install/launch_param_builder:/opt/ros/humble /usr/bin/cmake --build /home/debora/ros2_ws/build/my_cpp_pkg -- -j4 -l4
