[0.073s] Invoking command in '/home/debora/ros2_ws/build/my_cpp_pkg': CMAKE_PREFIX_PATH=${CMAKE_PREFIX_PATH}:/home/debora/ros2_ws/install/my_py_pkg:/home/debora/ws_moveit2/install/moveit_configs_utils:/home/debora/ws_moveit2/install/launch_param_builder:/opt/ros/humble /usr/bin/cmake --build /home/debora/ros2_ws/build/my_cpp_pkg -- -j4 -l4
[0.132s] [35m[1mConsolidate compiler generated dependencies of target cpp_node[0m
[0.160s] [ 50%] [32mBuilding CXX object CMakeFiles/cpp_node.dir/src/my_first_node.cpp.o[0m
[2.117s] [01m[K/home/debora/ros2_ws/src/my_cpp_pkg/src/my_first_node.cpp:[m[K In function â€˜[01m[Kint main(int, char**)[m[Kâ€™:
[2.118s] [01m[K/home/debora/ros2_ws/src/my_cpp_pkg/src/my_first_node.cpp:4:18:[m[K [01;31m[Kerror: [m[Kâ€˜[01m[Karg[m[Kâ€™ was not declared in this scope; did you mean â€˜[01m[Kargc[m[Kâ€™?
[2.118s]     4 |     rclcpp::init([01;31m[Karg[m[K,arg);
[2.118s]       |                  [01;31m[K^~~[m[K
[2.118s]       |                  [32m[Kargc[m[K
[2.119s] [01m[K/home/debora/ros2_ws/src/my_cpp_pkg/src/my_first_node.cpp:3:14:[m[K [01;35m[Kwarning: [m[Kunused parameter â€˜[01m[Kargc[m[Kâ€™ [[01;35m[K]8;;https://gcc.gnu.org/onlinedocs/gcc/Warning-Options.html#index-Wunused-parameter-Wunused-parameter]8;;[m[K]
[2.119s]     3 | int main([01;35m[Kint argc[m[K, char **argv){
[2.119s]       |          [01;35m[K~~~~^~~~[m[K
[2.119s] [01m[K/home/debora/ros2_ws/src/my_cpp_pkg/src/my_first_node.cpp:3:27:[m[K [01;35m[Kwarning: [m[Kunused parameter â€˜[01m[Kargv[m[Kâ€™ [[01;35m[K]8;;https://gcc.gnu.org/onlinedocs/gcc/Warning-Options.html#index-Wunused-parameter-Wunused-parameter]8;;[m[K]
[2.119s]     3 | int main(int argc, [01;35m[Kchar **argv[m[K){
[2.119s]       |                    [01;35m[K~~~~~~~^~~~[m[K
[2.512s] gmake[2]: *** [CMakeFiles/cpp_node.dir/build.make:76: CMakeFiles/cpp_node.dir/src/my_first_node.cpp.o] Error 1
[2.512s] gmake[1]: *** [CMakeFiles/Makefile2:137: CMakeFiles/cpp_node.dir/all] Error 2
[2.512s] gmake: *** [Makefile:146: all] Error 2
[2.514s] Invoked command in '/home/debora/ros2_ws/build/my_cpp_pkg' returned '2': CMAKE_PREFIX_PATH=${CMAKE_PREFIX_PATH}:/home/debora/ros2_ws/install/my_py_pkg:/home/debora/ws_moveit2/install/moveit_configs_utils:/home/debora/ws_moveit2/install/launch_param_builder:/opt/ros/humble /usr/bin/cmake --build /home/debora/ros2_ws/build/my_cpp_pkg -- -j4 -l4
