[0.071s] Invoking command in '/home/debora/ros2_ws/build/my_cpp_pkg': CMAKE_PREFIX_PATH=${CMAKE_PREFIX_PATH}:/home/debora/ros2_ws/install/my_py_pkg:/home/debora/ws_moveit2/install/moveit_configs_utils:/home/debora/ws_moveit2/install/launch_param_builder:/opt/ros/humble /usr/bin/cmake --build /home/debora/ros2_ws/build/my_cpp_pkg -- -j4 -l4
[0.119s] [35m[1mConsolidate compiler generated dependencies of target cpp_node[0m
[0.140s] [ 50%] [32mBuilding CXX object CMakeFiles/cpp_node.dir/src/my_first_node.cpp.o[0m
[1.919s] [01m[K/home/debora/ros2_ws/src/my_cpp_pkg/src/my_first_node.cpp:[m[K In function â€˜[01m[Kint main(int, char**)[m[Kâ€™:
[1.919s] [01m[K/home/debora/ros2_ws/src/my_cpp_pkg/src/my_first_node.cpp:30:34:[m[K [01;31m[Kerror: [m[Ktemporary of non-literal type â€˜[01m[KMyNode[m[Kâ€™ in a constant expression
[1.919s]    30 |     auto node = std::make_shared<[01;31m[KMyNode()[m[K;
[1.919s]       |                                  [01;31m[K^~~~~~~~[m[K
[1.919s] [01m[K/home/debora/ros2_ws/src/my_cpp_pkg/src/my_first_node.cpp:3:7:[m[K [01;36m[Knote: [m[Kâ€˜[01m[KMyNode[m[Kâ€™ is not literal because:
[1.919s]     3 | class [01;36m[KMyNode[m[K: public rclcpp::Node
[1.919s]       |       [01;36m[K^~~~~~[m[K
[1.919s] [01m[K/home/debora/ros2_ws/src/my_cpp_pkg/src/my_first_node.cpp:3:7:[m[K [01;36m[Knote: [m[K  â€˜[01m[KMyNode[m[Kâ€™ has a non-trivial destructor
[1.919s] [01m[K/home/debora/ros2_ws/src/my_cpp_pkg/src/my_first_node.cpp:30:22:[m[K [01;31m[Kerror: [m[Kparse error in template argument list
[1.919s]    30 |     auto node = std::[01;31m[Kmake_shared<MyNode()[m[K;
[1.919s]       |                      [01;31m[K^~~~~~~~~~~~~~~~~~~~[m[K
[1.919s] [01m[K/home/debora/ros2_ws/src/my_cpp_pkg/src/my_first_node.cpp:30:22:[m[K [01;31m[Kerror: [m[Kunable to deduce â€˜[01m[Kauto[m[Kâ€™ from â€˜[01m[Kmake_shared<MyNode()>[m[Kâ€™
[1.919s] [01m[K/home/debora/ros2_ws/src/my_cpp_pkg/src/my_first_node.cpp:30:22:[m[K [01;36m[Knote: [m[K  couldnâ€™t deduce template parameter â€˜[01m[Kauto[m[Kâ€™
[2.279s] gmake[2]: *** [CMakeFiles/cpp_node.dir/build.make:76: CMakeFiles/cpp_node.dir/src/my_first_node.cpp.o] Error 1
[2.279s] gmake[1]: *** [CMakeFiles/Makefile2:137: CMakeFiles/cpp_node.dir/all] Error 2
[2.279s] gmake: *** [Makefile:146: all] Error 2
[2.281s] Invoked command in '/home/debora/ros2_ws/build/my_cpp_pkg' returned '2': CMAKE_PREFIX_PATH=${CMAKE_PREFIX_PATH}:/home/debora/ros2_ws/install/my_py_pkg:/home/debora/ws_moveit2/install/moveit_configs_utils:/home/debora/ws_moveit2/install/launch_param_builder:/opt/ros/humble /usr/bin/cmake --build /home/debora/ros2_ws/build/my_cpp_pkg -- -j4 -l4
